running /LUSTRE/users/amarcano/course_projects/02_project_folder_files_named_after_integer/qsub_output_script_02_nodes_loop/script_01_folders_files_integer.sh...
the directory folder_1 was sucessfully created at /LUSTRE/users/amarcano/course_projects/02_project_folder_files_named_after_integer/qsub_output_script_02_nodes_loop/folder_1
folder_1
script_01_folders_files_integer.err
script_01_folders_files_integer.out
running /LUSTRE/users/amarcano/course_projects/02_project_folder_files_named_after_integer/qsub_output_script_02_nodes_loop/script_01_folders_files_integer.sh...
file_1 was successfully created at /LUSTRE/users/amarcano/course_projects/02_project_folder_files_named_after_integer/qsub_output_script_02_nodes_loop/folder_1/file_1
the directory folder_1 was sucessfully created at /LUSTRE/users/amarcano/course_projects/02_project_folder_files_named_after_integer/qsub_output_script_02_nodes_loop/folder_1
folder_1
script_01_folders_files_integer.err
script_01_folders_files_integer.out
folder_1
script_01_folders_files_integer.err
script_01_folders_files_integer.out
done.
file_1 was successfully created at /LUSTRE/users/amarcano/course_projects/02_project_folder_files_named_after_integer/qsub_output_script_02_nodes_loop/folder_1/file_1
folder_1
script_01_folders_files_integer.err
script_01_folders_files_integer.out
done.
running /LUSTRE/users/amarcano/course_projects/02_project_folder_files_named_after_integer/qsub_output_script_02_nodes_loop/script_01_folders_files_integer.sh...
the directory folder_1 was sucessfully created at /LUSTRE/users/amarcano/course_projects/02_project_folder_files_named_after_integer/qsub_output_script_02_nodes_loop/folder_1
folder_1
script_01_folders_files_integer.err
script_01_folders_files_integer.out
file_1 was successfully created at /LUSTRE/users/amarcano/course_projects/02_project_folder_files_named_after_integer/qsub_output_script_02_nodes_loop/folder_1/file_1
running /LUSTRE/users/amarcano/course_projects/02_project_folder_files_named_after_integer/qsub_output_script_02_nodes_loop/script_01_folders_files_integer.sh...
folder_1
script_01_folders_files_integer.err
script_01_folders_files_integer.out
done.
the directory folder_1 was sucessfully created at /LUSTRE/users/amarcano/course_projects/02_project_folder_files_named_after_integer/qsub_output_script_02_nodes_loop/folder_1
folder_1
script_01_folders_files_integer.err
script_01_folders_files_integer.out
file_1 was successfully created at /LUSTRE/users/amarcano/course_projects/02_project_folder_files_named_after_integer/qsub_output_script_02_nodes_loop/folder_1/file_1
folder_1
script_01_folders_files_integer.err
script_01_folders_files_integer.out
done.
running /LUSTRE/users/amarcano/course_projects/02_project_folder_files_named_after_integer/qsub_output_script_02_nodes_loop/script_01_folders_files_integer.sh...
running /LUSTRE/users/amarcano/course_projects/02_project_folder_files_named_after_integer/qsub_output_script_02_nodes_loop/script_01_folders_files_integer.sh...
the directory folder_2 was sucessfully created at /LUSTRE/users/amarcano/course_projects/02_project_folder_files_named_after_integer/qsub_output_script_02_nodes_loop/folder_2
the directory folder_1 was sucessfully created at /LUSTRE/users/amarcano/course_projects/02_project_folder_files_named_after_integer/qsub_output_script_02_nodes_loop/folder_1
running /LUSTRE/users/amarcano/course_projects/02_project_folder_files_named_after_integer/qsub_output_script_02_nodes_loop/script_01_folders_files_integer.sh...
folder_1
folder_2
script_01_folders_files_integer.err
script_01_folders_files_integer.out
the directory folder_4 was sucessfully created at /LUSTRE/users/amarcano/course_projects/02_project_folder_files_named_after_integer/qsub_output_script_02_nodes_loop/folder_4
folder_1
folder_2
script_01_folders_files_integer.err
script_01_folders_files_integer.out
running /LUSTRE/users/amarcano/course_projects/02_project_folder_files_named_after_integer/qsub_output_script_02_nodes_loop/script_01_folders_files_integer.sh...
running /LUSTRE/users/amarcano/course_projects/02_project_folder_files_named_after_integer/qsub_output_script_02_nodes_loop/script_01_folders_files_integer.sh...
file_2 was successfully created at /LUSTRE/users/amarcano/course_projects/02_project_folder_files_named_after_integer/qsub_output_script_02_nodes_loop/folder_2/file_2
running /LUSTRE/users/amarcano/course_projects/02_project_folder_files_named_after_integer/qsub_output_script_02_nodes_loop/script_01_folders_files_integer.sh...
folder_1
folder_2
folder_4
script_01_folders_files_integer.err
script_01_folders_files_integer.out
running /LUSTRE/users/amarcano/course_projects/02_project_folder_files_named_after_integer/qsub_output_script_02_nodes_loop/script_01_folders_files_integer.sh...
the directory folder_7 was sucessfully created at /LUSTRE/users/amarcano/course_projects/02_project_folder_files_named_after_integer/qsub_output_script_02_nodes_loop/folder_7
running /LUSTRE/users/amarcano/course_projects/02_project_folder_files_named_after_integer/qsub_output_script_02_nodes_loop/script_01_folders_files_integer.sh...
running /LUSTRE/users/amarcano/course_projects/02_project_folder_files_named_after_integer/qsub_output_script_02_nodes_loop/script_01_folders_files_integer.sh...
running /LUSTRE/users/amarcano/course_projects/02_project_folder_files_named_after_integer/qsub_output_script_02_nodes_loop/script_01_folders_files_integer.sh...
running /LUSTRE/users/amarcano/course_projects/02_project_folder_files_named_after_integer/qsub_output_script_02_nodes_loop/script_01_folders_files_integer.sh...
file_1 was successfully created at /LUSTRE/users/amarcano/course_projects/02_project_folder_files_named_after_integer/qsub_output_script_02_nodes_loop/folder_1/file_1
running /LUSTRE/users/amarcano/course_projects/02_project_folder_files_named_after_integer/qsub_output_script_02_nodes_loop/script_01_folders_files_integer.sh...
the directory folder_5 was sucessfully created at /LUSTRE/users/amarcano/course_projects/02_project_folder_files_named_after_integer/qsub_output_script_02_nodes_loop/folder_5
running /LUSTRE/users/amarcano/course_projects/02_project_folder_files_named_after_integer/qsub_output_script_02_nodes_loop/script_01_folders_files_integer.sh...
the directory folder_7 was sucessfully created at /LUSTRE/users/amarcano/course_projects/02_project_folder_files_named_after_integer/qsub_output_script_02_nodes_loop/folder_7
running /LUSTRE/users/amarcano/course_projects/02_project_folder_files_named_after_integer/qsub_output_script_02_nodes_loop/script_01_folders_files_integer.sh...
folder_1
folder_2
folder_4
folder_5
folder_7
script_01_folders_files_integer.err
script_01_folders_files_integer.out
folder_1
folder_2
folder_4
folder_5
folder_7
script_01_folders_files_integer.err
script_01_folders_files_integer.out
file_4 was successfully created at /LUSTRE/users/amarcano/course_projects/02_project_folder_files_named_after_integer/qsub_output_script_02_nodes_loop/folder_4/file_4
running /LUSTRE/users/amarcano/course_projects/02_project_folder_files_named_after_integer/qsub_output_script_02_nodes_loop/script_01_folders_files_integer.sh...
running /LUSTRE/users/amarcano/course_projects/02_project_folder_files_named_after_integer/qsub_output_script_02_nodes_loop/script_01_folders_files_integer.sh...
running /LUSTRE/users/amarcano/course_projects/02_project_folder_files_named_after_integer/qsub_output_script_02_nodes_loop/script_01_folders_files_integer.sh...
the directory folder_2 was sucessfully created at /LUSTRE/users/amarcano/course_projects/02_project_folder_files_named_after_integer/qsub_output_script_02_nodes_loop/folder_2
the directory folder_8 was sucessfully created at /LUSTRE/users/amarcano/course_projects/02_project_folder_files_named_after_integer/qsub_output_script_02_nodes_loop/folder_8
the directory folder_5 was sucessfully created at /LUSTRE/users/amarcano/course_projects/02_project_folder_files_named_after_integer/qsub_output_script_02_nodes_loop/folder_5
running /LUSTRE/users/amarcano/course_projects/02_project_folder_files_named_after_integer/qsub_output_script_02_nodes_loop/script_01_folders_files_integer.sh...
running /LUSTRE/users/amarcano/course_projects/02_project_folder_files_named_after_integer/qsub_output_script_02_nodes_loop/script_01_folders_files_integer.sh...
running /LUSTRE/users/amarcano/course_projects/02_project_folder_files_named_after_integer/qsub_output_script_02_nodes_loop/script_01_folders_files_integer.sh...
the directory folder_2 was sucessfully created at /LUSTRE/users/amarcano/course_projects/02_project_folder_files_named_after_integer/qsub_output_script_02_nodes_loop/folder_2
the directory folder_8 was sucessfully created at /LUSTRE/users/amarcano/course_projects/02_project_folder_files_named_after_integer/qsub_output_script_02_nodes_loop/folder_8
running /LUSTRE/users/amarcano/course_projects/02_project_folder_files_named_after_integer/qsub_output_script_02_nodes_loop/script_01_folders_files_integer.sh...
running /LUSTRE/users/amarcano/course_projects/02_project_folder_files_named_after_integer/qsub_output_script_02_nodes_loop/script_01_folders_files_integer.sh...
running /LUSTRE/users/amarcano/course_projects/02_project_folder_files_named_after_integer/qsub_output_script_02_nodes_loop/script_01_folders_files_integer.sh...
the directory folder_5 was sucessfully created at /LUSTRE/users/amarcano/course_projects/02_project_folder_files_named_after_integer/qsub_output_script_02_nodes_loop/folder_5
running /LUSTRE/users/amarcano/course_projects/02_project_folder_files_named_after_integer/qsub_output_script_02_nodes_loop/script_01_folders_files_integer.sh...
running /LUSTRE/users/amarcano/course_projects/02_project_folder_files_named_after_integer/qsub_output_script_02_nodes_loop/script_01_folders_files_integer.sh...
running /LUSTRE/users/amarcano/course_projects/02_project_folder_files_named_after_integer/qsub_output_script_02_nodes_loop/script_01_folders_files_integer.sh...
folder_1
folder_2
folder_4
folder_5
folder_7
folder_8
script_01_folders_files_integer.err
script_01_folders_files_integer.out
folder_1
folder_2
folder_4
folder_5
folder_7
folder_8
script_01_folders_files_integer.err
script_01_folders_files_integer.out
running /LUSTRE/users/amarcano/course_projects/02_project_folder_files_named_after_integer/qsub_output_script_02_nodes_loop/script_01_folders_files_integer.sh...
running /LUSTRE/users/amarcano/course_projects/02_project_folder_files_named_after_integer/qsub_output_script_02_nodes_loop/script_01_folders_files_integer.sh...
file_7 was successfully created at /LUSTRE/users/amarcano/course_projects/02_project_folder_files_named_after_integer/qsub_output_script_02_nodes_loop/folder_7/file_7
folder_1
folder_2
folder_4
folder_5
folder_7
folder_8
script_01_folders_files_integer.err
script_01_folders_files_integer.out
running /LUSTRE/users/amarcano/course_projects/02_project_folder_files_named_after_integer/qsub_output_script_02_nodes_loop/script_01_folders_files_integer.sh...
running /LUSTRE/users/amarcano/course_projects/02_project_folder_files_named_after_integer/qsub_output_script_02_nodes_loop/script_01_folders_files_integer.sh...
running /LUSTRE/users/amarcano/course_projects/02_project_folder_files_named_after_integer/qsub_output_script_02_nodes_loop/script_01_folders_files_integer.sh...
running /LUSTRE/users/amarcano/course_projects/02_project_folder_files_named_after_integer/qsub_output_script_02_nodes_loop/script_01_folders_files_integer.sh...
running /LUSTRE/users/amarcano/course_projects/02_project_folder_files_named_after_integer/qsub_output_script_02_nodes_loop/script_01_folders_files_integer.sh...
running /LUSTRE/users/amarcano/course_projects/02_project_folder_files_named_after_integer/qsub_output_script_02_nodes_loop/script_01_folders_files_integer.sh...
the directory folder_2 was sucessfully created at /LUSTRE/users/amarcano/course_projects/02_project_folder_files_named_after_integer/qsub_output_script_02_nodes_loop/folder_2
running /LUSTRE/users/amarcano/course_projects/02_project_folder_files_named_after_integer/qsub_output_script_02_nodes_loop/script_01_folders_files_integer.sh...
the directory folder_5 was sucessfully created at /LUSTRE/users/amarcano/course_projects/02_project_folder_files_named_after_integer/qsub_output_script_02_nodes_loop/folder_5
running /LUSTRE/users/amarcano/course_projects/02_project_folder_files_named_after_integer/qsub_output_script_02_nodes_loop/script_01_folders_files_integer.sh...
running /LUSTRE/users/amarcano/course_projects/02_project_folder_files_named_after_integer/qsub_output_script_02_nodes_loop/script_01_folders_files_integer.sh...
running /LUSTRE/users/amarcano/course_projects/02_project_folder_files_named_after_integer/qsub_output_script_02_nodes_loop/script_01_folders_files_integer.sh...
done.
the directory folder_8 was sucessfully created at /LUSTRE/users/amarcano/course_projects/02_project_folder_files_named_after_integer/qsub_output_script_02_nodes_loop/folder_8
folder_1
folder_2
folder_4
folder_5
folder_7
folder_8
script_01_folders_files_integer.err
script_01_folders_files_integer.out
running /LUSTRE/users/amarcano/course_projects/02_project_folder_files_named_after_integer/qsub_output_script_02_nodes_loop/script_01_folders_files_integer.sh...
running /LUSTRE/users/amarcano/course_projects/02_project_folder_files_named_after_integer/qsub_output_script_02_nodes_loop/script_01_folders_files_integer.sh...
running /LUSTRE/users/amarcano/course_projects/02_project_folder_files_named_after_integer/qsub_output_script_02_nodes_loop/script_01_folders_files_integer.sh...
running /LUSTRE/users/amarcano/course_projects/02_project_folder_files_named_after_integer/qsub_output_script_02_nodes_loop/script_01_folders_files_integer.sh...
running /LUSTRE/users/amarcano/course_projects/02_project_folder_files_named_after_integer/qsub_output_script_02_nodes_loop/script_01_folders_files_integer.sh...
the directory folder_5 was sucessfully created at /LUSTRE/users/amarcano/course_projects/02_project_folder_files_named_after_integer/qsub_output_script_02_nodes_loop/folder_5
the directory folder_2 was sucessfully created at /LUSTRE/users/amarcano/course_projects/02_project_folder_files_named_after_integer/qsub_output_script_02_nodes_loop/folder_2
folder_1
folder_2
folder_4
folder_5
folder_7
folder_8
script_01_folders_files_integer.err
script_01_folders_files_integer.out
folder_1
folder_2
folder_4
folder_5
folder_7
folder_8
script_01_folders_files_integer.err
script_01_folders_files_integer.out
folder_1
folder_2
folder_4
folder_5
folder_7
folder_8
script_01_folders_files_integer.err
script_01_folders_files_integer.out
running /LUSTRE/users/amarcano/course_projects/02_project_folder_files_named_after_integer/qsub_output_script_02_nodes_loop/script_01_folders_files_integer.sh...
the directory folder_6 was sucessfully created at /LUSTRE/users/amarcano/course_projects/02_project_folder_files_named_after_integer/qsub_output_script_02_nodes_loop/folder_6
the directory folder_3 was sucessfully created at /LUSTRE/users/amarcano/course_projects/02_project_folder_files_named_after_integer/qsub_output_script_02_nodes_loop/folder_3
running /LUSTRE/users/amarcano/course_projects/02_project_folder_files_named_after_integer/qsub_output_script_02_nodes_loop/script_01_folders_files_integer.sh...
folder_1
folder_2
folder_3
folder_4
folder_5
folder_6
folder_7
folder_8
folder_9
script_01_folders_files_integer.err
script_01_folders_files_integer.out
the directory folder_10 was sucessfully created at /LUSTRE/users/amarcano/course_projects/02_project_folder_files_named_after_integer/qsub_output_script_02_nodes_loop/folder_10
fully created at /LUSTRE/users/amarcano/course_projects/02_project_folder_files_named_after_integer/qsub_output_script_02_nodes_loop/folder_8
the directory folder_6 was sucessfully created at /LUSTRE/users/amarcano/course_projects/02_project_folder_files_named_after_integer/qsub_output_script_02_nodes_loop/folder_6
done.
folder_1
folder_2
folder_3
folder_4
folder_5
folder_6
folder_7
folder_8
script_01_folders_files_integer.err
script_01_folders_files_integer.out
file_5 was successfully created at /LUSTRE/users/amarcano/course_projects/02_project_folder_files_named_after_integer/qsub_output_script_02_nodes_loop/folder_5/file_5
the directory folder_3 was sucessfully created at /LUSTRE/users/amarcano/course_projects/02_project_folder_files_named_after_integer/qsub_output_script_02_nodes_loop/folder_3
the directory folder_9 was sucessfully created at /LUSTRE/users/amarcano/course_projects/02_project_folder_files_named_after_integer/qsub_output_script_02_nodes_loop/folder_9
folder_1
folder_2
folder_3
folder_4
folder_5
folder_6
folder_7
folder_8
folder_9
script_01_folders_files_integer.err
script_01_folders_files_integer.out
folder_1
folder_2
folder_3
folder_4
folder_5
folder_6
folder_7
folder_8
folder_9
script_01_folders_files_integer.err
script_01_folders_files_integer.out
file_7 was successfully created at /LUSTRE/users/amarcano/course_projects/02_project_folder_files_named_after_integer/qsub_output_script_02_nodes_loop/folder_7/file_7
folder_1
folder_10
folder_2
folder_3
folder_4
folder_5
folder_6
folder_7
folder_8
folder_9
script_01_folders_files_integer.err
script_01_folders_files_integer.out
op/folder_6
the directory folder_3 was sucessfully created at /LUSTRE/users/amarcano/course_projects/02_project_folder_files_named_after_integer/qsub_output_script_02_nodes_loop/folder_3
folder_1
folder_2
folder_3
folder_4
folder_5
folder_6
folder_7
folder_8
folder_9
script_01_folders_files_integer.err
script_01_folders_files_integer.out
done.
file_10 was successfully created at /LUSTRE/users/amarcano/course_projects/02_project_folder_files_named_after_integer/qsub_output_script_02_nodes_loop/folder_10/file_10
ectory folder_8 was sucessfully created at /LUSTRE/users/amarcano/course_projects/02_project_folder_files_named_after_integer/qsub_output_script_02_nodes_loop/folder_8
folder_1
folder_10
folder_2
folder_3
folder_4
folder_5
folder_6
folder_7
folder_8
folder_9
script_01_folders_files_integer.err
script_01_folders_files_integer.out
file_2 was successfully created at /LUSTRE/users/amarcano/course_projects/02_project_folder_files_named_after_integer/qsub_output_script_02_nodes_loop/folder_2/file_2
folder_1
folder_2
folder_3
folder_4
folder_5
folder_6
folder_7
folder_8
folder_9
script_01_folders_files_integer.err
script_01_folders_files_integer.out
file_5 was successfully created at /LUSTRE/users/amarcano/course_projects/02_project_folder_files_named_after_integer/qsub_output_script_02_nodes_loop/folder_5/file_5
folder_1
folder_10
folder_2
folder_3
folder_4
folder_5
folder_6
folder_7
folder_8
folder_9
script_01_folders_files_integer.err
script_01_folders_files_integer.out
the directory folder_10 was sucessfully created at /LUSTRE/users/amarcano/course_projects/02_project_folder_files_named_after_integer/qsub_output_script_02_nodes_loop/folder_10
folder_1
folder_10
folder_2
folder_3
folder_4
folder_5
folder_6
folder_7
folder_8
folder_9
script_01_folders_files_integer.err
script_01_folders_files_integer.out
file_2 was successfully created at /LUSTRE/users/amarcano/course_projects/02_project_folder_files_named_after_integer/qsub_output_script_02_nodes_loop/folder_2/file_2
done.
 was successfully created at /LUSTRE/users/amarcano/course_projects/02_project_folder_files_named_after_integer/qsub_output_script_02_nodes_loop/folder_8/file_8
file_5 was successfully created at /LUSTRE/users/amarcano/course_projects/02_project_folder_files_named_after_integer/qsub_output_script_02_nodes_loop/folder_5/file_5
folder_1
folder_10
folder_2
folder_3
folder_4
folder_5
folder_6
folder_7
folder_8
folder_9
script_01_folders_files_integer.err
script_01_folders_files_integer.out
the directory folder_9 was sucessfully created at /LUSTRE/users/amarcano/course_projects/02_project_folder_files_named_after_integer/qsub_output_script_02_nodes_loop/folder_9
folder_1
folder_10
folder_2
folder_3
folder_4
folder_5
folder_6
folder_7
folder_8
folder_9
script_01_folders_files_integer.err
script_01_folders_files_integer.out
file_2 was successfully created at /LUSTRE/users/amarcano/course_projects/02_project_folder_files_named_after_integer/qsub_output_script_02_nodes_loop/folder_2/file_2
folder_1
folder_10
folder_2
folder_3
folder_4
folder_5
folder_6
folder_7
folder_8
folder_9
script_01_folders_files_integer.err
script_01_folders_files_integer.out
the directory folder_6 was sucessfully created at /LUSTRE/users/amarcano/course_projects/02_project_folder_files_named_after_integer/qsub_output_script_02_nodes_loop/folder_6
folder_1
folder_10
folder_2
folder_3
folder_4
folder_5
folder_6
folder_7
folder_8
folder_9
script_01_folders_files_integer.err
script_01_folders_files_integer.out
file_8 was successfully created at /LUSTRE/users/amarcano/course_projects/02_project_folder_files_named_after_integer/qsub_output_script_02_nodes_loop/folder_8/file_8
folder_1
folder_10
folder_2
folder_3
folder_4
folder_5
folder_6
folder_7
folder_8
folder_9
script_01_folders_files_integer.err
script_01_folders_files_integer.out
the directory folder_3 was sucessfully created at /LUSTRE/users/amarcano/course_projects/02_project_folder_files_named_after_integer/qsub_output_script_02_nodes_loop/folder_3
folder_1
folder_10
folder_2
folder_3
folder_4
folder_5
folder_6
folder_7
folder_8
folder_9
script_01_folders_files_integer.err
script_01_folders_files_integer.out
file_5 was successfully created at /LUSTRE/users/amarcano/course_projects/02_project_folder_files_named_after_integer/qsub_output_script_02_nodes_loop/folder_5/file_5
file_2 was successfully created at /LUSTRE/users/amarcano/course_projects/02_project_folder_files_named_after_integer/qsub_output_script_02_nodes_loop/folder_2/file_2
folder_1
folder_10
folder_2
folder_3
folder_4
folder_5
folder_6
folder_7
folder_8
folder_9
script_01_folders_files_integer.err
script_01_folders_files_integer.out
folder_1
folder_10
folder_2
folder_3
folder_4
folder_5
folder_6
folder_7
folder_8
folder_9
script_01_folders_files_integer.err
script_01_folders_files_integer.out
folder_1
folder_10
folder_2
folder_3
folder_4
folder_5
folder_6
folder_7
folder_8
folder_9
script_01_folders_files_integer.err
script_01_folders_files_integer.out
done.
file_5 was successfully created at /LUSTRE/users/amarcano/course_projects/02_project_folder_files_named_after_integer/qsub_output_script_02_nodes_loop/folder_5/file_5
file_3 was successfully created at /LUSTRE/users/amarcano/course_projects/02_project_folder_files_named_after_integer/qsub_output_script_02_nodes_loop/folder_3/file_3
folder_1
folder_10
folder_2
folder_3
folder_4
folder_5
folder_6
folder_7
folder_8
folder_9
script_01_folders_files_integer.err
script_01_folders_files_integer.out
the directory folder_6 was sucessfully created at /LUSTRE/users/amarcano/course_projects/02_project_folder_files_named_after_integer/qsub_output_script_02_nodes_loop/folder_6
the directory folder_3 was sucessfully created at /LUSTRE/users/amarcano/course_projects/02_project_folder_files_named_after_integer/qsub_output_script_02_nodes_loop/folder_3
file_8 was successfully created at /LUSTRE/users/amarcano/course_projects/02_project_folder_files_named_after_integer/qsub_output_script_02_nodes_loop/folder_8/file_8
folder_1
folder_10
folder_2
folder_3
folder_4
folder_5
folder_6
folder_7
folder_8
folder_9
script_01_folders_files_integer.err
script_01_folders_files_integer.out
folder_1
folder_10
folder_2
folder_3
folder_4
folder_5
folder_6
folder_7
folder_8
folder_9
script_01_folders_files_integer.err
script_01_folders_files_integer.out
folder_1
folder_10
folder_2
folder_3
folder_4
folder_5
folder_6
folder_7
folder_8
folder_9
script_01_folders_files_integer.err
script_01_folders_files_integer.out
the directory folder_7 was sucessfully created at /LUSTRE/users/amarcano/course_projects/02_project_folder_files_named_after_integer/qsub_output_script_02_nodes_loop/folder_7
file_3 was successfully created at /LUSTRE/users/amarcano/course_projects/02_project_folder_files_named_after_integer/qsub_output_script_02_nodes_loop/folder_3/file_3
the directory folder_9 was sucessfully created at /LUSTRE/users/amarcano/course_projects/02_project_folder_files_named_after_integer/qsub_output_script_02_nodes_loop/folder_9
file_6 was successfully created at /LUSTRE/users/amarcano/course_projects/02_project_folder_files_named_after_integer/qsub_output_script_02_nodes_loop/folder_6/file_6
the directory folder_4 was sucessfully created at /LUSTRE/users/amarcano/course_projects/02_project_folder_files_named_after_integer/qsub_output_script_02_nodes_loop/folder_4
folder_1
folder_10
folder_2
folder_3
folder_4
folder_5
folder_6
folder_7
folder_8
folder_9
script_01_folders_files_integer.err
script_01_folders_files_integer.out
folder_1
folder_10
folder_2
folder_3
folder_4
folder_5
folder_6
folder_7
folder_8
folder_9
script_01_folders_files_integer.err
script_01_folders_files_integer.out
folder_1
folder_10
folder_2
folder_3
folder_4
folder_5
folder_6
folder_7
folder_8
folder_9
script_01_folders_files_integer.err
script_01_folders_files_integer.out
folder_1
folder_10
folder_2
folder_3
folder_4
folder_5
folder_6
folder_7
folder_8
folder_9
script_01_folders_files_integer.err
script_01_folders_files_integer.out
the directory folder_7 was sucessfully created at /LUSTRE/users/amarcano/course_projects/02_project_folder_files_named_after_integer/qsub_output_script_02_nodes_loop/folder_7
the directory folder_4 was sucessfully created at /LUSTRE/users/amarcano/course_projects/02_project_folder_files_named_after_integer/qsub_output_script_02_nodes_loop/folder_4
the directory folder_9 was sucessfully created at /LUSTRE/users/amarcano/course_projects/02_project_folder_files_named_after_integer/qsub_output_script_02_nodes_loop/folder_9
the directory folder_7 was sucessfully created at /LUSTRE/users/amarcano/course_projects/02_project_folder_files_named_after_integer/qsub_output_script_02_nodes_loop/folder_7
file_3 was successfully created at /LUSTRE/users/amarcano/course_projects/02_project_folder_files_named_after_integer/qsub_output_script_02_nodes_loop/folder_3/file_3
file_8 was successfully created at /LUSTRE/users/amarcano/course_projects/02_project_folder_files_named_after_integer/qsub_output_script_02_nodes_loop/folder_8/file_8
file_6 was successfully created at /LUSTRE/users/amarcano/course_projects/02_project_folder_files_named_after_integer/qsub_output_script_02_nodes_loop/folder_6/file_6
the directory folder_4 was sucessfully created at /LUSTRE/users/amarcano/course_projects/02_project_folder_files_named_after_integer/qsub_output_script_02_nodes_loop/folder_4
the directory folder_9 was sucessfully created at /LUSTRE/users/amarcano/course_projects/02_project_folder_files_named_after_integer/qsub_output_script_02_nodes_loop/folder_9
folder_1
folder_10
folder_2
folder_3
folder_4
folder_5
folder_6
folder_7
folder_8
folder_9
script_01_folders_files_integer.err
script_01_folders_files_integer.out
the directory folder_4 was sucessfully created at /LUSTRE/users/amarcano/course_projects/02_project_folder_files_named_after_integer/qsub_output_script_02_nodes_loop/folder_4
folder_1
folder_10
folder_2
folder_3
folder_4
folder_5
folder_6
folder_7
folder_8
folder_9
script_01_folders_files_integer.err
script_01_folders_files_integer.out
done.
folder_1
folder_10
folder_2
folder_3
folder_4
folder_5
folder_6
folder_7
folder_8
folder_9
script_01_folders_files_integer.err
script_01_folders_files_integer.out
the directory folder_10 was sucessfully created at /LUSTRE/users/amarcano/course_projects/02_project_folder_files_named_after_integer/qsub_output_script_02_nodes_loop/folder_10
folder_1
folder_10
folder_2
folder_3
folder_4
folder_5
folder_6
folder_7
folder_8
folder_9
script_01_folders_files_integer.err
script_01_folders_files_integer.out
folder_1
folder_10
folder_2
folder_3
folder_4
folder_5
folder_6
folder_7
folder_8
folder_9
script_01_folders_files_integer.err
script_01_folders_files_integer.out
the directory folder_10 was sucessfully created at /LUSTRE/users/amarcano/course_projects/02_project_folder_files_named_after_integer/qsub_output_script_02_nodes_loop/folder_10
file_6 was successfully created at /LUSTRE/users/amarcano/course_projects/02_project_folder_files_named_after_integer/qsub_output_script_02_nodes_loop/folder_6/file_6
done.
the directory folder_10 was sucessfully created at /LUSTRE/users/amarcano/course_projects/02_project_folder_files_named_after_integer/qsub_output_script_02_nodes_loop/folder_10
folder_1
folder_10
folder_2
folder_3
folder_4
folder_5
folder_6
folder_7
folder_8
folder_9
script_01_folders_files_integer.err
script_01_folders_files_integer.out
folder_1
folder_10
folder_2
folder_3
folder_4
folder_5
folder_6
folder_7
folder_8
folder_9
script_01_folders_files_integer.err
script_01_folders_files_integer.out
file_9 was successfully created at /LUSTRE/users/amarcano/course_projects/02_project_folder_files_named_after_integer/qsub_output_script_02_nodes_loop/folder_9/file_9
folder_1
folder_10
folder_2
folder_3
folder_4
folder_5
folder_6
folder_7
folder_8
folder_9
script_01_folders_files_integer.err
script_01_folders_files_integer.out
folder_1
folder_10
folder_2
folder_3
folder_4
folder_5
folder_6
folder_7
folder_8
folder_9
script_01_folders_files_integer.err
script_01_folders_files_integer.out
done.
done.
done.
file_8 was successfully created at /LUSTRE/users/amarcano/course_projects/02_project_folder_files_named_after_integer/qsub_output_script_02_nodes_loop/folder_8/file_8
folder_1
folder_10
folder_2
folder_3
folder_4
folder_5
folder_6
folder_7
folder_8
folder_9
script_01_folders_files_integer.err
script_01_folders_files_integer.out
folder_1
folder_10
folder_2
folder_3
folder_4
folder_5
folder_6
folder_7
folder_8
folder_9
script_01_folders_files_integer.err
script_01_folders_files_integer.out
folder_1
folder_10
folder_2
folder_3
folder_4
folder_5
folder_6
folder_7
folder_8
folder_9
script_01_folders_files_integer.err
script_01_folders_files_integer.out
folder_1
folder_10
folder_2
folder_3
folder_4
folder_5
folder_6
folder_7
folder_8
folder_9
script_01_folders_files_integer.err
script_01_folders_files_integer.out
folder_1
folder_10
folder_2
folder_3
folder_4
folder_5
folder_6
folder_7
folder_8
folder_9
script_01_folders_files_integer.err
script_01_folders_files_integer.out
file_10 was successfully created at /LUSTRE/users/amarcano/course_projects/02_project_folder_files_named_after_integer/qsub_output_script_02_nodes_loop/folder_10/file_10
done.
done.
folder_1
folder_10
folder_2
folder_3
folder_4
folder_5
folder_6
folder_7
folder_8
folder_9
script_01_folders_files_integer.err
script_01_folders_files_integer.out
folder_1
folder_10
folder_2
folder_3
folder_4
folder_5
folder_6
folder_7
folder_8
folder_9
script_01_folders_files_integer.err
script_01_folders_files_integer.out
folder_1
folder_10
folder_2
folder_3
folder_4
folder_5
folder_6
folder_7
folder_8
folder_9
script_01_folders_files_integer.err
script_01_folders_files_integer.out
done.
folder_1
folder_10
folder_2
folder_3
folder_4
folder_5
folder_6
folder_7
folder_8
folder_9
script_01_folders_files_integer.err
script_01_folders_files_integer.out
folder_1
folder_10
folder_2
folder_3
folder_4
folder_5
folder_6
folder_7
folder_8
folder_9
script_01_folders_files_integer.err
script_01_folders_files_integer.out
file_9 was successfully created at /LUSTRE/users/amarcano/course_projects/02_project_folder_files_named_after_integer/qsub_output_script_02_nodes_loop/folder_9/file_9
folder_1
folder_10
folder_2
folder_3
folder_4
folder_5
folder_6
folder_7
folder_8
folder_9
script_01_folders_files_integer.err
script_01_folders_files_integer.out
folder_1
folder_10
folder_2
folder_3
folder_4
folder_5
folder_6
folder_7
folder_8
folder_9
script_01_folders_files_integer.err
script_01_folders_files_integer.out
folder_1
folder_10
folder_2
folder_3
folder_4
folder_5
folder_6
folder_7
folder_8
folder_9
script_01_folders_files_integer.err
script_01_folders_files_integer.out
file_6 was successfully created at /LUSTRE/users/amarcano/course_projects/02_project_folder_files_named_after_integer/qsub_output_script_02_nodes_loop/folder_6/file_6
folder_1
folder_10
folder_2
folder_3
folder_4
folder_5
folder_6
folder_7
folder_8
folder_9
script_01_folders_files_integer.err
script_01_folders_files_integer.out
folder_1
folder_10
folder_2
folder_3
folder_4
folder_5
folder_6
folder_7
folder_8
folder_9
script_01_folders_files_integer.err
script_01_folders_files_integer.out
done.
file_3 was successfully created at /LUSTRE/users/amarcano/course_projects/02_project_folder_files_named_after_integer/qsub_output_script_02_nodes_loop/folder_3/file_3
folder_1
folder_10
folder_2
folder_3
folder_4
folder_5
folder_6
folder_7
folder_8
folder_9
script_01_folders_files_integer.err
script_01_folders_files_integer.out
folder_1
folder_10
folder_2
folder_3
folder_4
folder_5
folder_6
folder_7
folder_8
folder_9
script_01_folders_files_integer.err
script_01_folders_files_integer.out
done.
done.
done.
done.
folder_1
folder_10
folder_2
folder_3
folder_4
folder_5
folder_6
folder_7
folder_8
folder_9
script_01_folders_files_integer.err
script_01_folders_files_integer.out
file_6 was successfully created at /LUSTRE/users/amarcano/course_projects/02_project_folder_files_named_after_integer/qsub_output_script_02_nodes_loop/folder_6/file_6
file_3 was successfully created at /LUSTRE/users/amarcano/course_projects/02_project_folder_files_named_after_integer/qsub_output_script_02_nodes_loop/folder_3/file_3
folder_1
folder_10
folder_2
folder_3
folder_4
folder_5
folder_6
folder_7
folder_8
folder_9
script_01_folders_files_integer.err
script_01_folders_files_integer.out
file_7 was successfully created at /LUSTRE/users/amarcano/course_projects/02_project_folder_files_named_after_integer/qsub_output_script_02_nodes_loop/folder_7/file_7
done.
folder_1
folder_10
folder_2
folder_3
folder_4
folder_5
folder_6
folder_7
folder_8
folder_9
script_01_folders_files_integer.err
script_01_folders_files_integer.out
done.
file_4 was successfully created at /LUSTRE/users/amarcano/course_projects/02_project_folder_files_named_after_integer/qsub_output_script_02_nodes_loop/folder_4/file_4
folder_1
folder_10
folder_2
folder_3
folder_4
folder_5
folder_6
folder_7
folder_8
folder_9
script_01_folders_files_integer.err
script_01_folders_files_integer.out
file_7 was successfully created at /LUSTRE/users/amarcano/course_projects/02_project_folder_files_named_after_integer/qsub_output_script_02_nodes_loop/folder_7/file_7
file_4 was successfully created at /LUSTRE/users/amarcano/course_projects/02_project_folder_files_named_after_integer/qsub_output_script_02_nodes_loop/folder_4/file_4
folder_1
folder_10
folder_2
folder_3
folder_4
folder_5
folder_6
folder_7
folder_8
folder_9
script_01_folders_files_integer.err
script_01_folders_files_integer.out
file_7 was successfully created at /LUSTRE/users/amarcano/course_projects/02_project_folder_files_named_after_integer/qsub_output_script_02_nodes_loop/folder_7/file_7
done.
done.
done.
file_4 was successfully created at /LUSTRE/users/amarcano/course_projects/02_project_folder_files_named_after_integer/qsub_output_script_02_nodes_loop/folder_4/file_4
folder_1
folder_10
folder_2
folder_3
folder_4
folder_5
folder_6
folder_7
folder_8
folder_9
script_01_folders_files_integer.err
script_01_folders_files_integer.out
folder_1
folder_10
folder_2
folder_3
folder_4
folder_5
folder_6
folder_7
folder_8
folder_9
script_01_folders_files_integer.err
script_01_folders_files_integer.out
file_4 was successfully created at /LUSTRE/users/amarcano/course_projects/02_project_folder_files_named_after_integer/qsub_output_script_02_nodes_loop/folder_4/file_4
file_9 was successfully created at /LUSTRE/users/amarcano/course_projects/02_project_folder_files_named_after_integer/qsub_output_script_02_nodes_loop/folder_9/file_9
done.
folder_1
folder_10
folder_2
folder_3
folder_4
folder_5
folder_6
folder_7
folder_8
folder_9
script_01_folders_files_integer.err
script_01_folders_files_integer.out
folder_1
folder_10
folder_2
folder_3
folder_4
folder_5
folder_6
folder_7
folder_8
folder_9
script_01_folders_files_integer.err
script_01_folders_files_integer.out
folder_1
folder_10
folder_2
folder_3
folder_4
folder_5
folder_6
folder_7
folder_8
folder_9
script_01_folders_files_integer.err
script_01_folders_files_integer.out
folder_1
folder_10
folder_2
folder_3
folder_4
folder_5
folder_6
folder_7
folder_8
folder_9
script_01_folders_files_integer.err
script_01_folders_files_integer.out
file_9 was successfully created at /LUSTRE/users/amarcano/course_projects/02_project_folder_files_named_after_integer/qsub_output_script_02_nodes_loop/folder_9/file_9
folder_1
folder_10
folder_2
folder_3
folder_4
folder_5
folder_6
folder_7
folder_8
folder_9
script_01_folders_files_integer.err
script_01_folders_files_integer.out
folder_1
folder_10
folder_2
folder_3
folder_4
folder_5
folder_6
folder_7
folder_8
folder_9
script_01_folders_files_integer.err
script_01_folders_files_integer.out
done.
folder_1
folder_10
folder_2
folder_3
folder_4
folder_5
folder_6
folder_7
folder_8
folder_9
script_01_folders_files_integer.err
script_01_folders_files_integer.out
folder_1
folder_10
folder_2
folder_3
folder_4
folder_5
folder_6
folder_7
folder_8
folder_9
script_01_folders_files_integer.err
script_01_folders_files_integer.out
file_9 was successfully created at /LUSTRE/users/amarcano/course_projects/02_project_folder_files_named_after_integer/qsub_output_script_02_nodes_loop/folder_9/file_9
folder_1
folder_10
folder_2
folder_3
folder_4
folder_5
folder_6
folder_7
folder_8
folder_9
script_01_folders_files_integer.err
script_01_folders_files_integer.out
folder_1
folder_10
folder_2
folder_3
folder_4
folder_5
folder_6
folder_7
folder_8
folder_9
script_01_folders_files_integer.err
script_01_folders_files_integer.out
file_10 was successfully created at /LUSTRE/users/amarcano/course_projects/02_project_folder_files_named_after_integer/qsub_output_script_02_nodes_loop/folder_10/file_10
done.
folder_1
folder_10
folder_2
folder_3
folder_4
folder_5
folder_6
folder_7
folder_8
folder_9
script_01_folders_files_integer.err
script_01_folders_files_integer.out
file_10 was successfully created at /LUSTRE/users/amarcano/course_projects/02_project_folder_files_named_after_integer/qsub_output_script_02_nodes_loop/folder_10/file_10
done.
done.
file_10 was successfully created at /LUSTRE/users/amarcano/course_projects/02_project_folder_files_named_after_integer/qsub_output_script_02_nodes_loop/folder_10/file_10
done.
done.
done.
done.
done.
done.
done.
done.
done.
done.
folder_1
folder_10
folder_2
folder_3
folder_4
folder_5
folder_6
folder_7
folder_8
folder_9
script_01_folders_files_integer.err
script_01_folders_files_integer.out
done.
done.
folder_1
folder_10
folder_2
folder_3
folder_4
folder_5
folder_6
folder_7
folder_8
folder_9
script_01_folders_files_integer.err
script_01_folders_files_integer.out
folder_1
folder_10
folder_2
folder_3
folder_4
folder_5
folder_6
folder_7
folder_8
folder_9
script_01_folders_files_integer.err
script_01_folders_files_integer.out
folder_1
folder_10
folder_2
folder_3
folder_4
folder_5
folder_6
folder_7
folder_8
folder_9
script_01_folders_files_integer.err
script_01_folders_files_integer.out
folder_1
folder_10
folder_2
folder_3
folder_4
folder_5
folder_6
folder_7
folder_8
folder_9
script_01_folders_files_integer.err
script_01_folders_files_integer.out
folder_1
folder_10
folder_2
folder_3
folder_4
folder_5
folder_6
folder_7
folder_8
folder_9
script_01_folders_files_integer.err
script_01_folders_files_integer.out
done.
done.
done.
done.
done.
done.
