mkdir: no se puede crear el directorio «folder_1»: El fichero ya existe
mkdir: no se puede crear el directorio «folder_1»: El fichero ya existe
mkdir: no se puede crear el directorio «folder_1»: El fichero ya existe
mkdir: no se puede crear el directorio «folder_1»: El fichero ya existe
mkdir: no se puede crear el directorio «folder_7»: El fichero ya existe
mkdir: no se puede crear el directorio «folder_2»: El fichero ya existe
mkdir: no se puede crear el directorio «folder_5»: El fichero ya existe
mkdir: no se puede crear el directorio «folder_2»: El fichero ya existe
mkdir: no se puede crear el directorio «folder_5»: El fichero ya existe
mkdir: no se puede crear el directorio «folder_8»: El fichero ya existe
mkdir: no se puede crear el directorio «folder_2»: El fichero ya existe
mkdir: no se puede crear el directorio «folder_5»: El fichero ya existe
mkdir: no se puede crear el directorio «folder_2»: El fichero ya existe
mkdir: no se puede crear el directorio «folder_8»: El fichero ya existe
mkdir: no se puede crear el directorio «folder_5»: El fichero ya existe
mkdir: no se puede crear el directorio «folder_8»: El fichero ya existe
mkdir: mkdir: no se puede crear el directorio «folder_6»no se puede crear el directorio «folder_3»mkdir: cannot create directory 'folder_10': File exists
r: no se puede crear el directorio «folder_8»mkdir: 
: El fichero ya existeno se puede crear el directorio «folder_6»no se puede crear el directorio «folder_3»
mkdir: mkdir: : El fichero ya existemkdir: : El fichero ya existeno se puede crear el directorio «folder_6»no se puede crear el directorio «folder_9»mkdir: mkdir: mkdir: no se puede crear el directorio «folder_3»
: El fichero ya existemkdir: mkdir: mkdir: 
: El fichero ya existemkdir: no se puede crear el directorio «folder_3»no se puede crear el directorio «folder_6»no se puede crear el directorio «folder_9»mkdir: mkdir: 
: El fichero ya existeno se puede crear el directorio «folder_7»no se puede crear el directorio «folder_9»no se puede crear el directorio «folder_4»mkdir: mkdir: mkdir: 
no se puede crear el directorio «folder_9»mkdir: : El fichero ya existe: El fichero ya existe: El fichero ya existeno se puede crear el directorio «folder_7»mkdir: no se puede crear el directorio «folder_4»: El fichero ya existemkdir: 
no se puede crear el directorio «folder_7»: El fichero ya existe: El fichero ya existe
no se puede crear el directorio «folder_10»no se puede crear el directorio «folder_4»: El fichero ya existe: El fichero ya existeno se puede crear el directorio «folder_4»


: El fichero ya existeno se puede crear el directorio «folder_10»: El fichero ya existe
no se puede crear el directorio «folder_10»


: El fichero ya existe: El fichero ya existe: El fichero ya existe

: El fichero ya existe
: El fichero ya existe



